<?xml version="1.0" encoding="UTF-8"?>
<testng-results ignored="0" total="2" passed="2" failed="0" skipped="0">
  <reporter-output>
  </reporter-output>
  <suite started-at="2022-04-22T18:13:43 IST" name="Default suite" finished-at="2022-04-22T18:14:09 IST" duration-ms="25524">
    <groups>
    </groups>
    <test started-at="2022-04-22T18:13:43 IST" name="Default test" finished-at="2022-04-22T18:14:09 IST" duration-ms="25524">
      <class name="basictest.dropdown">
        <test-method signature="Applaunch()[pri:0, instance:basictest.dropdown@55b53d44]" started-at="2022-04-22T18:13:43 IST" name="Applaunch" finished-at="2022-04-22T18:13:52 IST" duration-ms="9105" status="PASS">
          <reporter-output>
          </reporter-output>
        </test-method> <!-- Applaunch -->
        <test-method signature="selectlist()[pri:0, instance:basictest.dropdown@55b53d44]" started-at="2022-04-22T18:13:52 IST" name="selectlist" finished-at="2022-04-22T18:14:09 IST" duration-ms="16380" status="PASS">
          <reporter-output>
          </reporter-output>
        </test-method> <!-- selectlist -->
      </class> <!-- basictest.dropdown -->
    </test> <!-- Default test -->
  </suite> <!-- Default suite -->
</testng-results>
