<?xml version="1.0" encoding="UTF-8"?>
<testng-results ignored="0" total="0" passed="0" failed="0" skipped="0">
  <reporter-output>
  </reporter-output>
  <suite started-at="2022-04-25T12:12:48 IST" name="Default suite" finished-at="2022-04-25T12:12:55 IST" duration-ms="7312">
    <groups>
    </groups>
    <test started-at="2022-04-25T12:12:48 IST" name="Default test" finished-at="2022-04-25T12:12:55 IST" duration-ms="7312">
      <class name="orangeapplication.Hrmlogin">
        <test-method is-config="true" signature="Applaunch()[pri:0, instance:orangeapplication.Hrmlogin@3c7f66c4]" started-at="2022-04-25T12:12:48 IST" name="Applaunch" finished-at="2022-04-25T12:12:55 IST" duration-ms="7302" status="PASS">
          <reporter-output>
          </reporter-output>
        </test-method> <!-- Applaunch -->
      </class> <!-- orangeapplication.Hrmlogin -->
    </test> <!-- Default test -->
  </suite> <!-- Default suite -->
</testng-results>
